<?xml version="1.0" encoding="UTF-8"?>
<!-- Generated by org.testng.reporters.JUnitXMLReporter -->
<testsuite ignored="1" hostname="INLPF37C5VG" failures="0" tests="1" name="Default test" time="25.07" errors="0" timestamp="2024-01-27T23:10:13 IST">
  <testcase classname="ParaBank.Tests.PIMEmployeeTest" name="newEmployee" time="16.725"/>
  <testcase classname="ParaBank.Tests.LoginTest" name="loginTest" time="0.0">
    <ignored/>
  </testcase> <!-- loginTest -->
</testsuite> <!-- Default test -->
