<?xml version="1.0" encoding="UTF-8"?>
<testng-results ignored="0" total="1" passed="1" failed="0" skipped="0">
  <reporter-output>
  </reporter-output>
  <suite started-at="2024-01-26T22:28:45 IST" name="Default suite" finished-at="2024-01-26T22:29:25 IST" duration-ms="39672">
    <groups>
    </groups>
    <test started-at="2024-01-26T22:28:45 IST" name="Default test" finished-at="2024-01-26T22:29:25 IST" duration-ms="39672">
      <class name="ParaBank.Tests.AdminOrgLocationTest">
        <test-method is-config="true" signature="setUp()[pri:0, instance:ParaBank.Tests.AdminOrgLocationTest@7b50df34]" started-at="2024-01-26T22:28:45 IST" name="setUp" finished-at="2024-01-26T22:28:50 IST" duration-ms="4601" status="PASS">
          <reporter-output>
          </reporter-output>
        </test-method> <!-- setUp -->
        <test-method signature="adminNewLocation()[pri:0, instance:ParaBank.Tests.AdminOrgLocationTest@7b50df34]" started-at="2024-01-26T22:28:50 IST" name="adminNewLocation" finished-at="2024-01-26T22:29:23 IST" duration-ms="33650" status="PASS">
          <reporter-output>
          </reporter-output>
        </test-method> <!-- adminNewLocation -->
        <test-method is-config="true" signature="tearDown()[pri:0, instance:ParaBank.Tests.AdminOrgLocationTest@7b50df34]" started-at="2024-01-26T22:29:23 IST" name="tearDown" finished-at="2024-01-26T22:29:25 IST" duration-ms="1344" status="PASS">
          <reporter-output>
          </reporter-output>
        </test-method> <!-- tearDown -->
      </class> <!-- ParaBank.Tests.AdminOrgLocationTest -->
    </test> <!-- Default test -->
  </suite> <!-- Default suite -->
</testng-results>
