<?xml version="1.0" encoding="UTF-8"?>
<testng-results ignored="0" total="1" passed="1" failed="0" skipped="0">
  <reporter-output>
  </reporter-output>
  <suite started-at="2024-02-11T22:50:30 IST" name="Default suite" finished-at="2024-02-11T22:51:02 IST" duration-ms="31853">
    <groups>
    </groups>
    <test started-at="2024-02-11T22:50:30 IST" name="Default test" finished-at="2024-02-11T22:51:02 IST" duration-ms="31853">
      <class name="Guru99.Tests.NewToursTest">
        <test-method is-config="true" signature="setUp()[pri:0, instance:Guru99.Tests.NewToursTest@c667f46]" started-at="2024-02-11T22:50:30 IST" name="setUp" finished-at="2024-02-11T22:50:35 IST" duration-ms="4879" status="PASS">
          <reporter-output>
          </reporter-output>
        </test-method> <!-- setUp -->
        <test-method signature="newTours()[pri:0, instance:Guru99.Tests.NewToursTest@c667f46]" started-at="2024-02-11T22:50:35 IST" name="newTours" finished-at="2024-02-11T22:51:01 IST" duration-ms="26360" status="PASS">
          <reporter-output>
          </reporter-output>
        </test-method> <!-- newTours -->
        <test-method is-config="true" signature="tearDown()[pri:0, instance:Guru99.Tests.NewToursTest@c667f46]" started-at="2024-02-11T22:51:01 IST" name="tearDown" finished-at="2024-02-11T22:51:02 IST" duration-ms="544" status="PASS">
          <reporter-output>
          </reporter-output>
        </test-method> <!-- tearDown -->
      </class> <!-- Guru99.Tests.NewToursTest -->
    </test> <!-- Default test -->
  </suite> <!-- Default suite -->
</testng-results>
